487 INFO: PyInstaller: 6.21.0, contrib hooks: 2026.6
488 INFO: Python: 3.12.6
532 INFO: Platform: Windows-11-10.0.26200-SP0
533 INFO: Python environment: C:\Python312
541 INFO: Removing temporary files and cleaning cache in C:\Users\sickv\AppData\Local\pyinstaller
3128 WARNING: Failed to collect submodules for 'onnxruntime.quantization' because importing 'onnxruntime.quantization' raised: ModuleNotFoundError: No module named 'onnx'
285 WARNING: Failed to collect submodules for 'webview.platforms.android' because importing 'webview.platforms.android' raised: ModuleNotFoundError: No module named 'android'
60028 INFO: Module search paths (PYTHONPATH):
['E:\\time now\\continuity-studio\\continuity-studio',
 'C:\\Python312\\python312.zip',
 'C:\\Python312\\DLLs',
 'C:\\Python312\\Lib',
 'C:\\Python312',
 'C:\\Users\\sickv\\AppData\\Roaming\\Python\\Python312\\site-packages',
 'C:\\Users\\sickv\\AppData\\Roaming\\Python\\Python312\\site-packages\\win32',
 'C:\\Users\\sickv\\AppData\\Roaming\\Python\\Python312\\site-packages\\win32\\lib',
 'C:\\Users\\sickv\\AppData\\Roaming\\Python\\Python312\\site-packages\\Pythonwin',
 'C:\\Python312\\Lib\\site-packages',
 'E:\\time now\\continuity-studio\\continuity-studio']
61851 INFO: Appending 'datas' from .spec
61868 INFO: checking Analysis
61868 INFO: Building Analysis because Analysis-00.toc is non existent
61868 INFO: Looking for Python shared library...
61869 INFO: Using Python shared library: C:\Python312\python312.dll
61869 INFO: Running Analysis Analysis-00.toc
61869 INFO: Target bytecode optimization level: 0
61869 INFO: Initializing module dependency graph...
61870 INFO: Initializing module graph hook caches...
62058 INFO: Analyzing modules for base_library.zip ...
63555 INFO: Processing standard module hook 'hook-encodings.py' from 'C:\\Users\\sickv\\AppData\\Roaming\\Python\\Python312\\site-packages\\PyInstaller\\hooks'
65208 INFO: Processing standard module hook 'hook-math.py' from 'C:\\Users\\sickv\\AppData\\Roaming\\Python\\Python312\\site-packages\\PyInstaller\\hooks'
67181 INFO: Processing standard module hook 'hook-pickle.py' from 'C:\\Users\\sickv\\AppData\\Roaming\\Python\\Python312\\site-packages\\PyInstaller\\hooks'
69500 INFO: Processing standard module hook 'hook-heapq.py' from 'C:\\Users\\sickv\\AppData\\Roaming\\Python\\Python312\\site-packages\\PyInstaller\\hooks'
72093 INFO: Caching module dependency graph...
72178 INFO: Analyzing E:\time now\continuity-studio\continuity-studio\desktop.py
72217 INFO: Processing standard module hook 'hook-uvicorn.py' from 'C:\\Users\\sickv\\AppData\\Roaming\\Python\\Python312\\site-packages\\_pyinstaller_hooks_contrib\\stdhooks'
73394 INFO: Processing standard module hook 'hook-multiprocessing.util.py' from 'C:\\Users\\sickv\\AppData\\Roaming\\Python\\Python312\\site-packages\\PyInstaller\\hooks'
73742 INFO: Processing standard module hook 'hook-xml.py' from 'C:\\Users\\sickv\\AppData\\Roaming\\Python\\Python312\\site-packages\\PyInstaller\\hooks'
74268 INFO: Processing standard module hook 'hook-_ctypes.py' from 'C:\\Users\\sickv\\AppData\\Roaming\\Python\\Python312\\site-packages\\PyInstaller\\hooks'
76265 INFO: Processing standard module hook 'hook-platform.py' from 'C:\\Users\\sickv\\AppData\\Roaming\\Python\\Python312\\site-packages\\PyInstaller\\hooks'
76391 INFO: Processing pre-safe-import-module hook 'hook-typing_extensions.py' from 'C:\\Users\\sickv\\AppData\\Roaming\\Python\\Python312\\site-packages\\PyInstaller\\hooks\\pre_safe_import_module'
76483 INFO: SetuptoolsInfo: initializing cached setuptools info...
83390 INFO: Processing standard module hook 'hook-difflib.py' from 'C:\\Users\\sickv\\AppData\\Roaming\\Python\\Python312\\site-packages\\PyInstaller\\hooks'
83703 INFO: Processing standard module hook 'hook-webbrowser.py' from 'C:\\Users\\sickv\\AppData\\Roaming\\Python\\Python312\\site-packages\\PyInstaller\\hooks'
85135 INFO: Processing standard module hook 'hook-websockets.py' from 'C:\\Users\\sickv\\AppData\\Roaming\\Python\\Python312\\site-packages\\_pyinstaller_hooks_contrib\\stdhooks'
86795 INFO: Processing standard module hook 'hook-anyio.py' from 'C:\\Users\\sickv\\AppData\\Roaming\\Python\\Python312\\site-packages\\_pyinstaller_hooks_contrib\\stdhooks'
90017 INFO: Processing standard module hook 'hook-pycparser.py' from 'C:\\Users\\sickv\\AppData\\Roaming\\Python\\Python312\\site-packages\\_pyinstaller_hooks_contrib\\stdhooks'
90873 INFO: Processing standard module hook 'hook-setuptools.py' from 'C:\\Users\\sickv\\AppData\\Roaming\\Python\\Python312\\site-packages\\PyInstaller\\hooks'
90950 INFO: Processing pre-safe-import-module hook 'hook-distutils.py' from 'C:\\Users\\sickv\\AppData\\Roaming\\Python\\Python312\\site-packages\\PyInstaller\\hooks\\pre_safe_import_module'
91119 INFO: Processing standard module hook 'hook-sysconfig.py' from 'C:\\Users\\sickv\\AppData\\Roaming\\Python\\Python312\\site-packages\\PyInstaller\\hooks'
91138 INFO: Processing pre-safe-import-module hook 'hook-jaraco.py' from 'C:\\Users\\sickv\\AppData\\Roaming\\Python\\Python312\\site-packages\\PyInstaller\\hooks\\pre_safe_import_module'
91139 INFO: Setuptools: 'jaraco' appears to be a partial setuptools-vendored copy - extending search paths to ['C:\\Users\\sickv\\AppData\\Roaming\\Python\\Python312\\site-packages\\jaraco', 'C:\\Users\\sickv\\AppData\\Roaming\\Python\\Python312\\site-packages\\setuptools\\_vendor\\jaraco']!
91140 INFO: Processing pre-safe-import-module hook 'hook-jaraco.functools.py' from 'C:\\Users\\sickv\\AppData\\Roaming\\Python\\Python312\\site-packages\\PyInstaller\\hooks\\pre_safe_import_module'
91168 INFO: Processing pre-safe-import-module hook 'hook-more_itertools.py' from 'C:\\Users\\sickv\\AppData\\Roaming\\Python\\Python312\\site-packages\\PyInstaller\\hooks\\pre_safe_import_module'
91637 INFO: Processing pre-safe-import-module hook 'hook-packaging.py' from 'C:\\Users\\sickv\\AppData\\Roaming\\Python\\Python312\\site-packages\\PyInstaller\\hooks\\pre_safe_import_module'
91999 INFO: Processing pre-safe-import-module hook 'hook-jaraco.text.py' from 'C:\\Users\\sickv\\AppData\\Roaming\\Python\\Python312\\site-packages\\PyInstaller\\hooks\\pre_safe_import_module'
92000 INFO: Setuptools: 'jaraco.text' appears to be a setuptools-vendored copy - creating alias to 'setuptools._vendor.jaraco.text'!
92025 INFO: Processing standard module hook 'hook-setuptools._vendor.jaraco.text.py' from 'C:\\Users\\sickv\\AppData\\Roaming\\Python\\Python312\\site-packages\\PyInstaller\\hooks'
92028 INFO: Processing pre-safe-import-module hook 'hook-importlib_resources.py' from 'C:\\Users\\sickv\\AppData\\Roaming\\Python\\Python312\\site-packages\\PyInstaller\\hooks\\pre_safe_import_module'
92030 INFO: Processing pre-safe-import-module hook 'hook-jaraco.context.py' from 'C:\\Users\\sickv\\AppData\\Roaming\\Python\\Python312\\site-packages\\PyInstaller\\hooks\\pre_safe_import_module'
92376 INFO: Processing pre-safe-import-module hook 'hook-backports.py' from 'C:\\Users\\sickv\\AppData\\Roaming\\Python\\Python312\\site-packages\\PyInstaller\\hooks\\pre_safe_import_module'
92377 INFO: Setuptools: 'backports' appears to be a partial setuptools-vendored copy - extending search paths to ['C:\\Users\\sickv\\AppData\\Roaming\\Python\\Python312\\site-packages\\setuptools\\_vendor\\backports', 'C:\\Users\\sickv\\AppData\\Roaming\\Python\\Python312\\site-packages\\backports']!
92378 INFO: Processing pre-safe-import-module hook 'hook-backports.tarfile.py' from 'C:\\Users\\sickv\\AppData\\Roaming\\Python\\Python312\\site-packages\\PyInstaller\\hooks\\pre_safe_import_module'
92379 INFO: Setuptools: 'backports.tarfile' appears to be a setuptools-vendored copy - creating alias to 'setuptools._vendor.backports.tarfile'!
92522 INFO: Processing standard module hook 'hook-backports.py' from 'C:\\Users\\sickv\\AppData\\Roaming\\Python\\Python312\\site-packages\\_pyinstaller_hooks_contrib\\stdhooks'
92743 INFO: Processing pre-safe-import-module hook 'hook-importlib_metadata.py' from 'C:\\Users\\sickv\\AppData\\Roaming\\Python\\Python312\\site-packages\\PyInstaller\\hooks\\pre_safe_import_module'
92788 INFO: Processing standard module hook 'hook-importlib_metadata.py' from 'C:\\Users\\sickv\\AppData\\Roaming\\Python\\Python312\\site-packages\\PyInstaller\\hooks'
92907 INFO: Processing pre-safe-import-module hook 'hook-zipp.py' from 'C:\\Users\\sickv\\AppData\\Roaming\\Python\\Python312\\site-packages\\PyInstaller\\hooks\\pre_safe_import_module'
93471 INFO: Processing pre-safe-import-module hook 'hook-tomli.py' from 'C:\\Users\\sickv\\AppData\\Roaming\\Python\\Python312\\site-packages\\PyInstaller\\hooks\\pre_safe_import_module'
93472 INFO: Setuptools: 'tomli' appears to be a setuptools-vendored copy - creating alias to 'setuptools._vendor.tomli'!
94548 INFO: Processing pre-safe-import-module hook 'hook-wheel.py' from 'C:\\Users\\sickv\\AppData\\Roaming\\Python\\Python312\\site-packages\\PyInstaller\\hooks\\pre_safe_import_module'
96724 INFO: Processing standard module hook 'hook-pygments.py' from 'C:\\Users\\sickv\\AppData\\Roaming\\Python\\Python312\\site-packages\\PyInstaller\\hooks'
98725 INFO: Processing standard module hook 'hook-py.py' from 'C:\\Users\\sickv\\AppData\\Roaming\\Python\\Python312\\site-packages\\_pyinstaller_hooks_contrib\\stdhooks'
100111 INFO: Processing standard module hook 'hook-numpy.py' from 'C:\\Users\\sickv\\AppData\\Roaming\\Python\\Python312\\site-packages\\PyInstaller\\hooks'
102449 INFO: Processing standard module hook 'hook-psutil.py' from 'C:\\Users\\sickv\\AppData\\Roaming\\Python\\Python312\\site-packages\\_pyinstaller_hooks_contrib\\stdhooks'
104464 INFO: Processing standard module hook 'hook-charset_normalizer.py' from 'C:\\Users\\sickv\\AppData\\Roaming\\Python\\Python312\\site-packages\\_pyinstaller_hooks_contrib\\stdhooks'
107377 INFO: Processing standard module hook 'hook-pydantic.py' from 'C:\\Users\\sickv\\AppData\\Roaming\\Python\\Python312\\site-packages\\_pyinstaller_hooks_contrib\\stdhooks'
108713 INFO: Processing standard module hook 'hook-rich.py' from 'C:\\Users\\sickv\\AppData\\Roaming\\Python\\Python312\\site-packages\\_pyinstaller_hooks_contrib\\stdhooks'
112004 INFO: Processing standard module hook 'hook-zoneinfo.py' from 'C:\\Users\\sickv\\AppData\\Roaming\\Python\\Python312\\site-packages\\_pyinstaller_hooks_contrib\\stdhooks'
115943 INFO: Processing standard module hook 'hook-PIL.py' from 'C:\\Users\\sickv\\AppData\\Roaming\\Python\\Python312\\site-packages\\PyInstaller\\hooks'
116116 INFO: Processing standard module hook 'hook-PIL.Image.py' from 'C:\\Users\\sickv\\AppData\\Roaming\\Python\\Python312\\site-packages\\PyInstaller\\hooks'
116747 INFO: Processing standard module hook 'hook-xml.etree.cElementTree.py' from 'C:\\Users\\sickv\\AppData\\Roaming\\Python\\Python312\\site-packages\\PyInstaller\\hooks'
116917 INFO: Processing standard module hook 'hook-xml.dom.domreg.py' from 'C:\\Users\\sickv\\AppData\\Roaming\\Python\\Python312\\site-packages\\PyInstaller\\hooks'
117392 INFO: Processing standard module hook 'hook-PIL.ImageFilter.py' from 'C:\\Users\\sickv\\AppData\\Roaming\\Python\\Python312\\site-packages\\PyInstaller\\hooks'
118339 INFO: Processing standard module hook 'hook-urllib3.py' from 'C:\\Users\\sickv\\AppData\\Roaming\\Python\\Python312\\site-packages\\_pyinstaller_hooks_contrib\\stdhooks'
120041 INFO: Processing standard module hook 'hook-cryptography.py' from 'C:\\Users\\sickv\\AppData\\Roaming\\Python\\Python312\\site-packages\\_pyinstaller_hooks_contrib\\stdhooks'
122266 INFO: hook-cryptography: cryptography does not seem to be using dynamically linked OpenSSL.
123212 INFO: Processing standard module hook 'hook-bcrypt.py' from 'C:\\Users\\sickv\\AppData\\Roaming\\Python\\Python312\\site-packages\\_pyinstaller_hooks_contrib\\stdhooks'
123293 INFO: Processing standard module hook 'hook-certifi.py' from 'C:\\Users\\sickv\\AppData\\Roaming\\Python\\Python312\\site-packages\\_pyinstaller_hooks_contrib\\stdhooks'
135667 INFO: Processing standard module hook 'hook-pandas.py' from 'C:\\Users\\sickv\\AppData\\Roaming\\Python\\Python312\\site-packages\\PyInstaller\\hooks'
140144 INFO: Processing standard module hook 'hook-pytz.py' from 'C:\\Users\\sickv\\AppData\\Roaming\\Python\\Python312\\site-packages\\PyInstaller\\hooks'
143971 INFO: Processing standard module hook 'hook-pyarrow.py' from 'C:\\Users\\sickv\\AppData\\Roaming\\Python\\Python312\\site-packages\\_pyinstaller_hooks_contrib\\stdhooks'
146088 INFO: Processing standard module hook 'hook-fsspec.py' from 'C:\\Users\\sickv\\AppData\\Roaming\\Python\\Python312\\site-packages\\_pyinstaller_hooks_contrib\\stdhooks'
147361 INFO: Processing standard module hook 'hook-numba.py' from 'C:\\Users\\sickv\\AppData\\Roaming\\Python\\Python312\\site-packages\\_pyinstaller_hooks_contrib\\stdhooks'
147433 INFO: Processing standard module hook 'hook-llvmlite.py' from 'C:\\Users\\sickv\\AppData\\Roaming\\Python\\Python312\\site-packages\\_pyinstaller_hooks_contrib\\stdhooks'
152452 INFO: Processing standard module hook 'hook-jinja2.py' from 'C:\\Users\\sickv\\AppData\\Roaming\\Python\\Python312\\site-packages\\_pyinstaller_hooks_contrib\\stdhooks'
158871 INFO: Processing pre-safe-import-module hook 'hook-win32com.py' from 'C:\\Users\\sickv\\AppData\\Roaming\\Python\\Python312\\site-packages\\_pyinstaller_hooks_contrib\\pre_safe_import_module'
159135 INFO: Processing standard module hook 'hook-win32com.py' from 'C:\\Users\\sickv\\AppData\\Roaming\\Python\\Python312\\site-packages\\_pyinstaller_hooks_contrib\\stdhooks'
159144 INFO: Processing standard module hook 'hook-pythoncom.py' from 'C:\\Users\\sickv\\AppData\\Roaming\\Python\\Python312\\site-packages\\_pyinstaller_hooks_contrib\\stdhooks'
159266 INFO: Processing standard module hook 'hook-pywintypes.py' from 'C:\\Users\\sickv\\AppData\\Roaming\\Python\\Python312\\site-packages\\_pyinstaller_hooks_contrib\\stdhooks'
162256 INFO: Processing standard module hook 'hook-pandas.io.formats.style.py' from 'C:\\Users\\sickv\\AppData\\Roaming\\Python\\Python312\\site-packages\\PyInstaller\\hooks'
167977 INFO: Processing standard module hook 'hook-botocore.py' from 'C:\\Users\\sickv\\AppData\\Roaming\\Python\\Python312\\site-packages\\_pyinstaller_hooks_contrib\\stdhooks'
177927 INFO: Processing standard module hook 'hook-sqlite3.py' from 'C:\\Users\\sickv\\AppData\\Roaming\\Python\\Python312\\site-packages\\PyInstaller\\hooks'
178603 INFO: Processing standard module hook 'hook-pandas.io.clipboard.py' from 'C:\\Users\\sickv\\AppData\\Roaming\\Python\\Python312\\site-packages\\PyInstaller\\hooks'
178821 INFO: Processing standard module hook 'hook-pandas.plotting.py' from 'C:\\Users\\sickv\\AppData\\Roaming\\Python\\Python312\\site-packages\\PyInstaller\\hooks'
180754 INFO: Processing standard module hook 'hook-dateutil.py' from 'C:\\Users\\sickv\\AppData\\Roaming\\Python\\Python312\\site-packages\\_pyinstaller_hooks_contrib\\stdhooks'
181178 INFO: Processing pre-safe-import-module hook 'hook-six.moves.py' from 'C:\\Users\\sickv\\AppData\\Roaming\\Python\\Python312\\site-packages\\PyInstaller\\hooks\\pre_safe_import_module'
185305 INFO: Processing standard module hook 'hook-lxml.py' from 'C:\\Users\\sickv\\AppData\\Roaming\\Python\\Python312\\site-packages\\_pyinstaller_hooks_contrib\\stdhooks'
186148 INFO: Processing standard module hook 'hook-lxml.etree.py' from 'C:\\Users\\sickv\\AppData\\Roaming\\Python\\Python312\\site-packages\\_pyinstaller_hooks_contrib\\stdhooks'
206415 INFO: Processing standard module hook 'hook-boto3.py' from 'C:\\Users\\sickv\\AppData\\Roaming\\Python\\Python312\\site-packages\\_pyinstaller_hooks_contrib\\stdhooks'
214083 INFO: Processing standard module hook 'hook-transformers.py' from 'C:\\Users\\sickv\\AppData\\Roaming\\Python\\Python312\\site-packages\\_pyinstaller_hooks_contrib\\stdhooks'
221048 INFO: Processing standard module hook 'hook-regex.py' from 'C:\\Users\\sickv\\AppData\\Roaming\\Python\\Python312\\site-packages\\_pyinstaller_hooks_contrib\\stdhooks'
228560 INFO: Processing standard module hook 'hook-jsonschema.py' from 'C:\\Users\\sickv\\AppData\\Roaming\\Python\\Python312\\site-packages\\_pyinstaller_hooks_contrib\\stdhooks'
228959 INFO: Processing standard module hook 'hook-jsonschema_specifications.py' from 'C:\\Users\\sickv\\AppData\\Roaming\\Python\\Python312\\site-packages\\_pyinstaller_hooks_contrib\\stdhooks'
237884 INFO: Processing standard module hook 'hook-cv2.py' from 'C:\\Users\\sickv\\AppData\\Roaming\\Python\\Python312\\site-packages\\_pyinstaller_hooks_contrib\\stdhooks'
238977 INFO: Processing standard module hook 'hook-av.py' from 'C:\\Users\\sickv\\AppData\\Roaming\\Python\\Python312\\site-packages\\_pyinstaller_hooks_contrib\\stdhooks'
240356 INFO: Processing standard module hook 'hook-yt_dlp.py' from 'C:\\Users\\sickv\\AppData\\Roaming\\Python\\Python312\\site-packages\\yt_dlp\\__pyinstaller'
WARNING: Using Crypto since Cryptodome is not available. Install with: python3 -m pip install pycryptodomex
256 WARNING: Failed to collect submodules for 'urllib3.contrib.emscripten' because importing 'urllib3.contrib.emscripten' raised: ModuleNotFoundError: No module named 'js'
Adding imports: ['yt_dlp.compat._legacy', 'yt_dlp.compat._deprecated', 'yt_dlp.utils._legacy', 'yt_dlp.utils._deprecated', 'Crypto', 'websockets', 'websockets.__main__', 'websockets.asyncio', 'websockets.asyncio.async_timeout', 'websockets.asyncio.client', 'websockets.asyncio.compatibility', 'websockets.asyncio.connection', 'websockets.asyncio.messages', 'websockets.asyncio.server', 'websockets.auth', 'websockets.client', 'websockets.connection', 'websockets.datastructures', 'websockets.exceptions', 'websockets.extensions', 'websockets.extensions.base', 'websockets.extensions.permessage_deflate', 'websockets.frames', 'websockets.headers', 'websockets.http', 'websockets.http11', 'websockets.imports', 'websockets.legacy', 'websockets.legacy.auth', 'websockets.legacy.client', 'websockets.legacy.exceptions', 'websockets.legacy.framing', 'websockets.legacy.handshake', 'websockets.legacy.http', 'websockets.legacy.protocol', 'websockets.legacy.server', 'websockets.protocol', 'websockets.server', 'websockets.speedups', 'websockets.streams', 'websockets.sync', 'websockets.sync.client', 'websockets.sync.connection', 'websockets.sync.messages', 'websockets.sync.server', 'websockets.sync.utils', 'websockets.typing', 'websockets.uri', 'websockets.utils', 'websockets.version', 'requests', 'requests.__version__', 'requests._internal_utils', 'requests.adapters', 'requests.api', 'requests.auth', 'requests.certs', 'requests.compat', 'requests.cookies', 'requests.exceptions', 'requests.help', 'requests.hooks', 'requests.models', 'requests.packages', 'requests.sessions', 'requests.status_codes', 'requests.structures', 'requests.utils', 'urllib3', 'urllib3._base_connection', 'urllib3._collections', 'urllib3._request_methods', 'urllib3._version', 'urllib3.connection', 'urllib3.connectionpool', 'urllib3.contrib', 'urllib3.contrib.pyopenssl', 'urllib3.contrib.socks', 'urllib3.exceptions', 'urllib3.fields', 'urllib3.filepost', 'urllib3.http2', 'urllib3.http2.connection', 'urllib3.http2.probe', 'urllib3.poolmanager', 'urllib3.response', 'urllib3.util', 'urllib3.util.connection', 'urllib3.util.proxy', 'urllib3.util.request', 'urllib3.util.response', 'urllib3.util.retry', 'urllib3.util.ssl_', 'urllib3.util.ssl_match_hostname', 'urllib3.util.ssltransport', 'urllib3.util.timeout', 'urllib3.util.url', 'urllib3.util.util', 'urllib3.util.wait', 'mutagen', 'brotli', 'certifi', 'secretstorage', 'curl_cffi']
242653 WARNING: collect_data_files - skipping data collection for module 'yt_dlp_ejs' as it is not a package.
244058 INFO: Processing standard module hook 'hook-Crypto.py' from 'C:\\Users\\sickv\\AppData\\Roaming\\Python\\Python312\\site-packages\\_pyinstaller_hooks_contrib\\stdhooks'
312360 INFO: Processing standard module hook 'hook-onnxruntime.py' from 'C:\\Users\\sickv\\AppData\\Roaming\\Python\\Python312\\site-packages\\_pyinstaller_hooks_contrib\\stdhooks'
312577 INFO: Processing pre-safe-import-module hook 'hook-tensorflow.py' from 'C:\\Users\\sickv\\AppData\\Roaming\\Python\\Python312\\site-packages\\_pyinstaller_hooks_contrib\\pre_safe_import_module'
314015 INFO: Processing standard module hook 'hook-webview.py' from 'C:\\Users\\sickv\\AppData\\Roaming\\Python\\Python312\\site-packages\\webview\\__pyinstaller'
315674 INFO: Processing pre-safe-import-module hook 'hook-gi.py' from 'C:\\Users\\sickv\\AppData\\Roaming\\Python\\Python312\\site-packages\\PyInstaller\\hooks\\pre_safe_import_module'
315923 INFO: Processing standard module hook 'hook-clr.py' from 'C:\\Users\\sickv\\AppData\\Roaming\\Python\\Python312\\site-packages\\pythonnet\\_pyinstaller'
316102 INFO: Processing standard module hook 'hook-clr_loader.py' from 'C:\\Users\\sickv\\AppData\\Roaming\\Python\\Python312\\site-packages\\_pyinstaller_hooks_contrib\\stdhooks'
316559 INFO: Analyzing hidden import 'uvicorn.__main__'
316568 INFO: Analyzing hidden import 'uvicorn.lifespan'
316569 INFO: Analyzing hidden import 'uvicorn.lifespan.off'
316583 INFO: Analyzing hidden import 'uvicorn.lifespan.on'
316603 INFO: Analyzing hidden import 'uvicorn.loops'
316604 INFO: Analyzing hidden import 'uvicorn.loops.asyncio'
316614 INFO: Analyzing hidden import 'uvicorn.loops.auto'
316635 INFO: Analyzing hidden import 'uvicorn.protocols.http.auto'
316648 INFO: Analyzing hidden import 'uvicorn.protocols.websockets.auto'
316659 INFO: Analyzing hidden import 'uvicorn.workers'
316680 INFO: Analyzing hidden import 'fastapi.__main__'
316701 INFO: Analyzing hidden import 'fastapi.middleware.gzip'
316732 INFO: Analyzing hidden import 'fastapi.middleware.httpsredirect'
316754 INFO: Analyzing hidden import 'fastapi.middleware.trustedhost'
316777 INFO: Analyzing hidden import 'fastapi.middleware.wsgi'
316806 INFO: Analyzing hidden import 'fastapi.templating'
316834 INFO: Analyzing hidden import 'fastapi.testclient'
316887 INFO: Analyzing hidden import 'starlette.config'
316905 INFO: Analyzing hidden import 'starlette.endpoints'
316923 INFO: Analyzing hidden import 'starlette.schemas'
316940 INFO: Analyzing hidden import 'anyio._backends'
316941 INFO: Analyzing hidden import 'anyio._backends._asyncio'
317093 INFO: Analyzing hidden import 'anyio._backends._trio'
317164 INFO: Analyzing hidden import 'anyio.pytest_plugin'
317186 INFO: Analyzing hidden import 'anyio.streams.buffered'
317202 INFO: Analyzing hidden import 'anyio.to_interpreter'
317221 INFO: Analyzing hidden import 'anyio.to_process'
317243 INFO: Analyzing hidden import 'click.testing'
317277 INFO: Analyzing hidden import 'faster_whisper.assets'
317278 INFO: Analyzing hidden import 'ctranslate2.converters.eole_ct2'
317305 INFO: Analyzing hidden import 'onnxruntime.capi.convert_npz_to_onnx_adapter'
317318 INFO: Analyzing hidden import 'onnxruntime.datasets'
317328 INFO: Analyzing hidden import 'onnxruntime.tools'
317333 INFO: Analyzing hidden import 'onnxruntime.tools.check_onnx_model_mobile_usability'
317411 INFO: Analyzing hidden import 'onnxruntime.tools.convert_onnx_models_to_ort'
317541 INFO: Analyzing hidden import 'onnxruntime.tools.make_dynamic_shape_fixed'
317553 INFO: Analyzing hidden import 'onnxruntime.tools.offline_tuning'
317572 INFO: Analyzing hidden import 'onnxruntime.tools.onnx_randomizer'
317586 INFO: Analyzing hidden import 'onnxruntime.tools.onnxruntime_test'
317603 INFO: Analyzing hidden import 'onnxruntime.tools.optimize_onnx_model'
317615 INFO: Analyzing hidden import 'onnxruntime.tools.ort_format_model.ort_flatbuffers_py'
317616 INFO: Analyzing hidden import 'onnxruntime.tools.ort_format_model.ort_flatbuffers_py.fbs'
317627 INFO: Analyzing hidden import 'onnxruntime.tools.ort_format_model.ort_flatbuffers_py.fbs.ArgType'
317637 INFO: Analyzing hidden import 'onnxruntime.tools.ort_format_model.ort_flatbuffers_py.fbs.ArgTypeAndIndex'
317788 INFO: Analyzing hidden import 'onnxruntime.tools.ort_format_model.ort_flatbuffers_py.fbs.Attribute'
317814 INFO: Analyzing hidden import 'onnxruntime.tools.ort_format_model.ort_flatbuffers_py.fbs.AttributeType'
317825 INFO: Analyzing hidden import 'onnxruntime.tools.ort_format_model.ort_flatbuffers_py.fbs.Checkpoint'
317842 INFO: Analyzing hidden import 'onnxruntime.tools.ort_format_model.ort_flatbuffers_py.fbs.DeprecatedKernelCreateInfos'
317860 INFO: Analyzing hidden import 'onnxruntime.tools.ort_format_model.ort_flatbuffers_py.fbs.DeprecatedNodeIndexAndKernelDefHash'
317874 INFO: Analyzing hidden import 'onnxruntime.tools.ort_format_model.ort_flatbuffers_py.fbs.DeprecatedSessionState'
317889 INFO: Analyzing hidden import 'onnxruntime.tools.ort_format_model.ort_flatbuffers_py.fbs.DeprecatedSubGraphSessionState'
317903 INFO: Analyzing hidden import 'onnxruntime.tools.ort_format_model.ort_flatbuffers_py.fbs.Dimension'
317916 INFO: Analyzing hidden import 'onnxruntime.tools.ort_format_model.ort_flatbuffers_py.fbs.DimensionValue'
317930 INFO: Analyzing hidden import 'onnxruntime.tools.ort_format_model.ort_flatbuffers_py.fbs.DimensionValueType'
317939 INFO: Analyzing hidden import 'onnxruntime.tools.ort_format_model.ort_flatbuffers_py.fbs.EdgeEnd'
317951 INFO: Analyzing hidden import 'onnxruntime.tools.ort_format_model.ort_flatbuffers_py.fbs.FloatProperty'
317964 INFO: Analyzing hidden import 'onnxruntime.tools.ort_format_model.ort_flatbuffers_py.fbs.Graph'
317990 INFO: Analyzing hidden import 'onnxruntime.tools.ort_format_model.ort_flatbuffers_py.fbs.InferenceSession'
318005 INFO: Analyzing hidden import 'onnxruntime.tools.ort_format_model.ort_flatbuffers_py.fbs.IntProperty'
318018 INFO: Analyzing hidden import 'onnxruntime.tools.ort_format_model.ort_flatbuffers_py.fbs.KernelTypeStrArgsEntry'
318033 INFO: Analyzing hidden import 'onnxruntime.tools.ort_format_model.ort_flatbuffers_py.fbs.KernelTypeStrResolver'
318048 INFO: Analyzing hidden import 'onnxruntime.tools.ort_format_model.ort_flatbuffers_py.fbs.MapType'
318062 INFO: Analyzing hidden import 'onnxruntime.tools.ort_format_model.ort_flatbuffers_py.fbs.Model'
318082 INFO: Analyzing hidden import 'onnxruntime.tools.ort_format_model.ort_flatbuffers_py.fbs.ModuleState'
318099 INFO: Analyzing hidden import 'onnxruntime.tools.ort_format_model.ort_flatbuffers_py.fbs.Node'
318123 INFO: Analyzing hidden import 'onnxruntime.tools.ort_format_model.ort_flatbuffers_py.fbs.NodeEdge'
318140 INFO: Analyzing hidden import 'onnxruntime.tools.ort_format_model.ort_flatbuffers_py.fbs.NodeType'
318150 INFO: Analyzing hidden import 'onnxruntime.tools.ort_format_model.ort_flatbuffers_py.fbs.NodesToOptimizeIndices'
318168 INFO: Analyzing hidden import 'onnxruntime.tools.ort_format_model.ort_flatbuffers_py.fbs.OpIdKernelTypeStrArgsEntry'
318183 INFO: Analyzing hidden import 'onnxruntime.tools.ort_format_model.ort_flatbuffers_py.fbs.OperatorSetId'
318196 INFO: Analyzing hidden import 'onnxruntime.tools.ort_format_model.ort_flatbuffers_py.fbs.OptimizerGroup'
318212 INFO: Analyzing hidden import 'onnxruntime.tools.ort_format_model.ort_flatbuffers_py.fbs.ParameterOptimizerState'
318228 INFO: Analyzing hidden import 'onnxruntime.tools.ort_format_model.ort_flatbuffers_py.fbs.PropertyBag'
318246 INFO: Analyzing hidden import 'onnxruntime.tools.ort_format_model.ort_flatbuffers_py.fbs.RuntimeOptimizationRecord'
318262 INFO: Analyzing hidden import 'onnxruntime.tools.ort_format_model.ort_flatbuffers_py.fbs.RuntimeOptimizationRecordContainerEntry'
318277 INFO: Analyzing hidden import 'onnxruntime.tools.ort_format_model.ort_flatbuffers_py.fbs.RuntimeOptimizations'
318292 INFO: Analyzing hidden import 'onnxruntime.tools.ort_format_model.ort_flatbuffers_py.fbs.SequenceType'
318305 INFO: Analyzing hidden import 'onnxruntime.tools.ort_format_model.ort_flatbuffers_py.fbs.Shape'
318319 INFO: Analyzing hidden import 'onnxruntime.tools.ort_format_model.ort_flatbuffers_py.fbs.SparseTensor'
318334 INFO: Analyzing hidden import 'onnxruntime.tools.ort_format_model.ort_flatbuffers_py.fbs.StringProperty'
318348 INFO: Analyzing hidden import 'onnxruntime.tools.ort_format_model.ort_flatbuffers_py.fbs.StringStringEntry'
318362 INFO: Analyzing hidden import 'onnxruntime.tools.ort_format_model.ort_flatbuffers_py.fbs.Tensor'
318382 INFO: Analyzing hidden import 'onnxruntime.tools.ort_format_model.ort_flatbuffers_py.fbs.TensorDataType'
318394 INFO: Analyzing hidden import 'onnxruntime.tools.ort_format_model.ort_flatbuffers_py.fbs.TensorTypeAndShape'
318407 INFO: Analyzing hidden import 'onnxruntime.tools.ort_format_model.ort_flatbuffers_py.fbs.TypeInfo'
318421 INFO: Analyzing hidden import 'onnxruntime.tools.ort_format_model.ort_flatbuffers_py.fbs.TypeInfoValue'
318431 INFO: Analyzing hidden import 'onnxruntime.tools.ort_format_model.ort_flatbuffers_py.fbs.ValueInfo'
318445 INFO: Analyzing hidden import 'onnxruntime.tools.pytorch_export_contrib_ops'
318463 INFO: Analyzing hidden import 'onnxruntime.tools.qdq_helpers'
318464 INFO: Analyzing hidden import 'onnxruntime.tools.qdq_helpers.optimize_qdq_model'
318476 INFO: Analyzing hidden import 'onnxruntime.tools.reduced_build_config_parser'
318494 INFO: Analyzing hidden import 'onnxruntime.tools.remove_initializer_from_input'
318506 INFO: Analyzing hidden import 'onnxruntime.tools.symbolic_shape_infer'
342531 INFO: Analyzing hidden import 'onnxruntime.tools.update_onnx_opset'
342545 INFO: Analyzing hidden import 'onnxruntime.transformers.affinity_helper'
342557 INFO: Analyzing hidden import 'onnxruntime.transformers.benchmark'
342600 INFO: Analyzing hidden import 'onnxruntime.transformers.benchmark_helper'
342638 INFO: Analyzing hidden import 'onnxruntime.transformers.bert_perf_test'
342670 INFO: Analyzing hidden import 'onnxruntime.transformers.bert_test_data'
342700 INFO: Analyzing hidden import 'onnxruntime.transformers.compare_bert_results'
342720 INFO: Analyzing hidden import 'onnxruntime.transformers.constants'
342732 INFO: Analyzing hidden import 'onnxruntime.transformers.convert_generation'
343037 INFO: Analyzing hidden import 'onnxruntime.transformers.convert_tf_models_to_pytorch'
343057 INFO: Analyzing hidden import 'onnxruntime.transformers.convert_to_packing_mode'
343085 INFO: Analyzing hidden import 'onnxruntime.transformers.dynamo_onnx_helper'
343107 INFO: Analyzing hidden import 'onnxruntime.transformers.float16'
343138 INFO: Analyzing hidden import 'onnxruntime.transformers.fusion_attention'
343193 INFO: Analyzing hidden import 'onnxruntime.transformers.fusion_attention_clip'
343216 INFO: Analyzing hidden import 'onnxruntime.transformers.fusion_attention_sam2'
343243 INFO: Analyzing hidden import 'onnxruntime.transformers.fusion_attention_unet'
343298 INFO: Analyzing hidden import 'onnxruntime.transformers.fusion_attention_vae'
343320 INFO: Analyzing hidden import 'onnxruntime.transformers.fusion_bart_attention'
343349 INFO: Analyzing hidden import 'onnxruntime.transformers.fusion_base'
343365 INFO: Analyzing hidden import 'onnxruntime.transformers.fusion_bias_add'
343377 INFO: Analyzing hidden import 'onnxruntime.transformers.fusion_biasgelu'
343390 INFO: Analyzing hidden import 'onnxruntime.transformers.fusion_biassplitgelu'
343406 INFO: Analyzing hidden import 'onnxruntime.transformers.fusion_conformer_attention'
343426 INFO: Analyzing hidden import 'onnxruntime.transformers.fusion_constant_fold'
343445 INFO: Analyzing hidden import 'onnxruntime.transformers.fusion_embedlayer'
343483 INFO: Analyzing hidden import 'onnxruntime.transformers.fusion_fastgelu'
343509 INFO: Analyzing hidden import 'onnxruntime.transformers.fusion_gelu'
343529 INFO: Analyzing hidden import 'onnxruntime.transformers.fusion_gelu_approximation'
343541 INFO: Analyzing hidden import 'onnxruntime.transformers.fusion_gemmfastgelu'
343557 INFO: Analyzing hidden import 'onnxruntime.transformers.fusion_gpt_attention'
343584 INFO: Analyzing hidden import 'onnxruntime.transformers.fusion_gpt_attention_megatron'
343609 INFO: Analyzing hidden import 'onnxruntime.transformers.fusion_gpt_attention_no_past'
343628 INFO: Analyzing hidden import 'onnxruntime.transformers.fusion_group_norm'
343646 INFO: Analyzing hidden import 'onnxruntime.transformers.fusion_layernorm'
343673 INFO: Analyzing hidden import 'onnxruntime.transformers.fusion_mha_mmdit'
343700 INFO: Analyzing hidden import 'onnxruntime.transformers.fusion_nhwc_conv'
343714 INFO: Analyzing hidden import 'onnxruntime.transformers.fusion_options'
343732 INFO: Analyzing hidden import 'onnxruntime.transformers.fusion_qordered_attention'
343756 INFO: Analyzing hidden import 'onnxruntime.transformers.fusion_qordered_gelu'
343769 INFO: Analyzing hidden import 'onnxruntime.transformers.fusion_qordered_layernorm'
343783 INFO: Analyzing hidden import 'onnxruntime.transformers.fusion_qordered_matmul'
343800 INFO: Analyzing hidden import 'onnxruntime.transformers.fusion_quickgelu'
343814 INFO: Analyzing hidden import 'onnxruntime.transformers.fusion_reshape'
343831 INFO: Analyzing hidden import 'onnxruntime.transformers.fusion_rotary_attention'
343901 INFO: Analyzing hidden import 'onnxruntime.transformers.fusion_shape'
343919 INFO: Analyzing hidden import 'onnxruntime.transformers.fusion_simplified_layernorm'
343936 INFO: Analyzing hidden import 'onnxruntime.transformers.fusion_skip_group_norm'
343955 INFO: Analyzing hidden import 'onnxruntime.transformers.fusion_skiplayernorm'
343974 INFO: Analyzing hidden import 'onnxruntime.transformers.fusion_transpose'
343992 INFO: Analyzing hidden import 'onnxruntime.transformers.fusion_utils'
344016 INFO: Analyzing hidden import 'onnxruntime.transformers.huggingface_models'
344028 INFO: Analyzing hidden import 'onnxruntime.transformers.import_utils'
344039 INFO: Analyzing hidden import 'onnxruntime.transformers.io_binding_helper'
344072 INFO: Analyzing hidden import 'onnxruntime.transformers.large_model_exporter'
344101 INFO: Analyzing hidden import 'onnxruntime.transformers.metrics'
344118 INFO: Analyzing hidden import 'onnxruntime.transformers.onnx_exporter'
344155 INFO: Analyzing hidden import 'onnxruntime.transformers.onnx_model'
344249 INFO: Analyzing hidden import 'onnxruntime.transformers.onnx_model_bart'
344271 INFO: Analyzing hidden import 'onnxruntime.transformers.onnx_model_bert'
344319 INFO: Analyzing hidden import 'onnxruntime.transformers.onnx_model_bert_keras'
344348 INFO: Analyzing hidden import 'onnxruntime.transformers.onnx_model_bert_tf'
344380 INFO: Analyzing hidden import 'onnxruntime.transformers.onnx_model_clip'
344394 INFO: Analyzing hidden import 'onnxruntime.transformers.onnx_model_conformer'
344406 INFO: Analyzing hidden import 'onnxruntime.transformers.onnx_model_gpt2'
344422 INFO: Analyzing hidden import 'onnxruntime.transformers.onnx_model_mmdit'
344439 INFO: Analyzing hidden import 'onnxruntime.transformers.onnx_model_phi'
344496 INFO: Analyzing hidden import 'onnxruntime.transformers.onnx_model_sam2'
344513 INFO: Analyzing hidden import 'onnxruntime.transformers.onnx_model_t5'
344554 INFO: Analyzing hidden import 'onnxruntime.transformers.onnx_model_tnlr'
344574 INFO: Analyzing hidden import 'onnxruntime.transformers.onnx_model_unet'
344599 INFO: Analyzing hidden import 'onnxruntime.transformers.onnx_model_vae'
344614 INFO: Analyzing hidden import 'onnxruntime.transformers.onnx_utils'
344626 INFO: Analyzing hidden import 'onnxruntime.transformers.optimizer'
344661 INFO: Analyzing hidden import 'onnxruntime.transformers.past_helper'
344678 INFO: Analyzing hidden import 'onnxruntime.transformers.profile_result_processor'
344703 INFO: Analyzing hidden import 'onnxruntime.transformers.profiler'
344726 INFO: Analyzing hidden import 'onnxruntime.transformers.quantize_helper'
345836 INFO: Analyzing hidden import 'onnxruntime.transformers.shape_infer_helper'
345852 INFO: Analyzing hidden import 'onnxruntime.transformers.shape_optimizer'
345878 INFO: Analyzing hidden import 'onnxruntime.transformers.torch_onnx_export_helper'
345893 INFO: Analyzing hidden import 'tokenizers.tools'
345928 INFO: Analyzing hidden import 'huggingface_hub._hot_reload'
345939 INFO: Analyzing hidden import 'huggingface_hub._hot_reload.client'
345988 INFO: Analyzing hidden import 'huggingface_hub.cli._city_game'
346063 INFO: Analyzing hidden import 'huggingface_hub.cli._cp'
346085 INFO: Analyzing hidden import 'huggingface_hub.cli._errors'
346100 INFO: Analyzing hidden import 'huggingface_hub.cli._skills'
346123 INFO: Analyzing hidden import 'huggingface_hub.cli.auth'
346140 INFO: Analyzing hidden import 'huggingface_hub.cli.buckets'
346171 INFO: Analyzing hidden import 'huggingface_hub.cli.cache'
346216 INFO: Analyzing hidden import 'huggingface_hub.cli.collections'
346237 INFO: Analyzing hidden import 'huggingface_hub.cli.datasets'
346260 INFO: Analyzing hidden import 'huggingface_hub.cli.deprecated_cli'
346274 INFO: Analyzing hidden import 'huggingface_hub.cli.discussions'
346299 INFO: Analyzing hidden import 'huggingface_hub.cli.download'
346317 INFO: Analyzing hidden import 'huggingface_hub.cli.extensions'
346388 INFO: Analyzing hidden import 'huggingface_hub.cli.hf'
346741 INFO: Analyzing hidden import 'huggingface_hub.inference._mcp._cli_hacks'
346760 INFO: Analyzing hidden import 'huggingface_hub.inference._mcp.cli'
346783 INFO: Analyzing hidden import 'av.__main__'
346795 INFO: Analyzing hidden import 'av.container.pyio'
346812 INFO: Analyzing hidden import 'av.datasets'
346829 INFO: Analyzing hidden import 'av.dictionary'
346839 INFO: Analyzing hidden import 'av.filter.link'
346847 INFO: Analyzing hidden import 'av.opaque'
346860 INFO: Analyzing hidden import 'av.sidedata.encparams'
346870 INFO: Analyzing hidden import 'av.utils'
346883 INFO: Analyzing hidden import 'PIL.BdfFontFile'
346915 INFO: Analyzing hidden import 'PIL.BlpImagePlugin'
346952 INFO: Analyzing hidden import 'PIL.BufrStubImagePlugin'
346968 INFO: Analyzing hidden import 'PIL.ContainerIO'
346984 INFO: Analyzing hidden import 'PIL.CurImagePlugin'
346996 INFO: Analyzing hidden import 'PIL.DcxImagePlugin'
347024 INFO: Analyzing hidden import 'PIL.DdsImagePlugin'
347056 INFO: Analyzing hidden import 'PIL.EpsImagePlugin'
347082 INFO: Analyzing hidden import 'PIL.FitsImagePlugin'
347098 INFO: Analyzing hidden import 'PIL.FliImagePlugin'
347114 INFO: Analyzing hidden import 'PIL.FpxImagePlugin'
347133 INFO: Analyzing hidden import 'PIL.FtexImagePlugin'
347148 INFO: Analyzing hidden import 'PIL.GbrImagePlugin'
347163 INFO: Analyzing hidden import 'PIL.GdImageFile'
347177 INFO: Analyzing hidden import 'PIL.GribStubImagePlugin'
347191 INFO: Analyzing hidden import 'PIL.Hdf5StubImagePlugin'
347206 INFO: Analyzing hidden import 'PIL.IcnsImagePlugin'
347262 INFO: Analyzing hidden import 'PIL.IcoImagePlugin'
347285 INFO: Analyzing hidden import 'PIL.ImImagePlugin'
347309 INFO: Analyzing hidden import 'PIL.ImageEnhance'
347338 INFO: Analyzing hidden import 'PIL.ImageGrab'
347358 INFO: Analyzing hidden import 'PIL.ImageMorph'
347386 INFO: Analyzing hidden import 'PIL.ImageTk'
347407 INFO: Analyzing hidden import 'PIL.ImageTransform'
347420 INFO: Analyzing hidden import 'PIL.ImtImagePlugin'
347433 INFO: Analyzing hidden import 'PIL.IptcImagePlugin'
347451 INFO: Analyzing hidden import 'PIL.McIdasImagePlugin'
347469 INFO: Analyzing hidden import 'PIL.MicImagePlugin'
347483 INFO: Analyzing hidden import 'PIL.MpegImagePlugin'
347495 INFO: Analyzing hidden import 'PIL.MspImagePlugin'
347513 INFO: Analyzing hidden import 'PIL.PSDraw'
347528 INFO: Analyzing hidden import 'PIL.PalmImagePlugin'
347550 INFO: Analyzing hidden import 'PIL.PcdImagePlugin'
347562 INFO: Analyzing hidden import 'PIL.PcfFontFile'
347583 INFO: Analyzing hidden import 'PIL.PdfImagePlugin'
347662 INFO: Analyzing hidden import 'PIL.PixarImagePlugin'
347674 INFO: Analyzing hidden import 'PIL.PsdImagePlugin'
347695 INFO: Analyzing hidden import 'PIL.QoiImagePlugin'
347712 INFO: Analyzing hidden import 'PIL.SgiImagePlugin'
347730 INFO: Analyzing hidden import 'PIL.SpiderImagePlugin'
347753 INFO: Processing standard module hook 'hook-PIL.SpiderImagePlugin.py' from 'C:\\Users\\sickv\\AppData\\Roaming\\Python\\Python312\\site-packages\\PyInstaller\\hooks'
347755 INFO: Analyzing hidden import 'PIL.SunImagePlugin'
347770 INFO: Analyzing hidden import 'PIL.TarIO'
347782 INFO: Analyzing hidden import 'PIL.TgaImagePlugin'
347801 INFO: Analyzing hidden import 'PIL.WalImageFile'
347822 INFO: Analyzing hidden import 'PIL.WebPImagePlugin'
347846 INFO: Analyzing hidden import 'PIL.WmfImagePlugin'
347871 INFO: Analyzing hidden import 'PIL.XVThumbImagePlugin'
347884 INFO: Analyzing hidden import 'PIL.XbmImagePlugin'
347898 INFO: Analyzing hidden import 'PIL.XpmImagePlugin'
347913 INFO: Analyzing hidden import 'PIL.__main__'
347922 INFO: Analyzing hidden import 'PIL._tkinter_finder'
347932 INFO: Analyzing hidden import 'PIL.report'
347942 INFO: Analyzing hidden import 'webview.__pyinstaller'
347952 INFO: Analyzing hidden import 'webview.__pyinstaller.hook-webview'
348093 INFO: Processing standard module hook 'hook-win32ctypes.core.py' from 'C:\\Users\\sickv\\AppData\\Roaming\\Python\\Python312\\site-packages\\PyInstaller\\hooks'
350083 INFO: Analyzing hidden import 'webview._version'
350094 INFO: Analyzing hidden import 'gen_with_refs'
350112 INFO: Analyzing hidden import 'punchup'
350142 INFO: Processing module hooks (post-graph stage)...
355031 INFO: Processing standard module hook 'hook-nacl.py' from 'C:\\Users\\sickv\\AppData\\Roaming\\Python\\Python312\\site-packages\\_pyinstaller_hooks_contrib\\stdhooks'
356601 INFO: Processing standard module hook 'hook-lxml.isoschematron.py' from 'C:\\Users\\sickv\\AppData\\Roaming\\Python\\Python312\\site-packages\\_pyinstaller_hooks_contrib\\stdhooks'
365537 INFO: Processing standard module hook 'hook-lxml.objectify.py' from 'C:\\Users\\sickv\\AppData\\Roaming\\Python\\Python312\\site-packages\\_pyinstaller_hooks_contrib\\stdhooks'
365540 INFO: Processing standard module hook 'hook-tzdata.py' from 'C:\\Users\\sickv\\AppData\\Roaming\\Python\\Python312\\site-packages\\_pyinstaller_hooks_contrib\\stdhooks'
367094 INFO: Performing binary vs. data reclassification (4334 entries)
401894 INFO: Looking for ctypes DLLs
402683 INFO: Analyzing run-time hooks ...
402728 INFO: Including run-time hook 'pyi_rth_inspect.py' from 'C:\\Users\\sickv\\AppData\\Roaming\\Python\\Python312\\site-packages\\PyInstaller\\hooks\\rthooks'
402744 INFO: Including run-time hook 'pyi_rth_pkgutil.py' from 'C:\\Users\\sickv\\AppData\\Roaming\\Python\\Python312\\site-packages\\PyInstaller\\hooks\\rthooks'
402757 INFO: Including run-time hook 'pyi_rth_multiprocessing.py' from 'C:\\Users\\sickv\\AppData\\Roaming\\Python\\Python312\\site-packages\\PyInstaller\\hooks\\rthooks'
402772 INFO: Including run-time hook 'pyi_rth_setuptools.py' from 'C:\\Users\\sickv\\AppData\\Roaming\\Python\\Python312\\site-packages\\PyInstaller\\hooks\\rthooks'
402783 INFO: Including run-time hook 'pyi_rth_pywintypes.py' from 'C:\\Users\\sickv\\AppData\\Roaming\\Python\\Python312\\site-packages\\_pyinstaller_hooks_contrib\\rthooks'
402795 INFO: Including run-time hook 'pyi_rth_pythoncom.py' from 'C:\\Users\\sickv\\AppData\\Roaming\\Python\\Python312\\site-packages\\_pyinstaller_hooks_contrib\\rthooks'
402798 INFO: Including run-time hook 'pyi_rth_cryptography_openssl.py' from 'C:\\Users\\sickv\\AppData\\Roaming\\Python\\Python312\\site-packages\\_pyinstaller_hooks_contrib\\rthooks'
403137 INFO: Creating base_library.zip...
403174 INFO: Looking for dynamic libraries
433426 INFO: Extra DLL search directories (AddDllDirectory): ['C:\\Python312\\Lib\\site-packages\\numpy.libs', 'C:\\Users\\sickv\\AppData\\Roaming\\Python\\Python312\\site-packages\\pandas.libs', 'C:\\Python312\\Lib\\site-packages\\llvmlite.libs', 'C:\\Users\\sickv\\AppData\\Roaming\\Python\\Python312\\site-packages\\cv2\\../../x64/vc17/bin', 'C:\\Python312\\Lib\\site-packages\\torch\\lib', 'C:\\Users\\sickv\\AppData\\Roaming\\Python\\Python312\\site-packages\\av.libs', 'C:\\Users\\sickv\\AppData\\Roaming\\Python\\Python312\\site-packages\\ctranslate2', 'C:\\Users\\sickv\\AppData\\Roaming\\Python\\Python312\\site-packages\\ctranslate2/../_rocm_sdk_core/bin']
433426 INFO: Extra DLL search directories (PATH): ['C:\\Users\\sickv\\AppData\\Roaming\\Python\\Python312\\site-packages\\cv2\\../../x64/vc17/bin']
443078 WARNING: Library not found: could not resolve 'tbb12.dll', dependency of 'C:\\Python312\\Lib\\site-packages\\numba\\np\\ufunc\\tbbpool.cp312-win_amd64.pyd'.
443823 INFO: Warnings written to E:\time now\continuity-studio\continuity-studio\build\ContinuityStudio\warn-ContinuityStudio.txt
445152 INFO: Graph cross-reference written to E:\time now\continuity-studio\continuity-studio\build\ContinuityStudio\xref-ContinuityStudio.html
445675 INFO: checking PYZ
445675 INFO: Building PYZ because PYZ-00.toc is non existent
445675 INFO: Building PYZ (ZlibArchive) E:\time now\continuity-studio\continuity-studio\build\ContinuityStudio\PYZ-00.pyz
453638 INFO: Building PYZ (ZlibArchive) E:\time now\continuity-studio\continuity-studio\build\ContinuityStudio\PYZ-00.pyz completed successfully.
453932 INFO: checking PKG
453932 INFO: Building PKG because PKG-00.toc is non existent
453932 INFO: Building PKG (CArchive) ContinuityStudio.pkg
454098 INFO: Building PKG (CArchive) ContinuityStudio.pkg completed successfully.
454099 INFO: Bootloader C:\Users\sickv\AppData\Roaming\Python\Python312\site-packages\PyInstaller\bootloader\Windows-64bit-intel\runw.exe
454099 INFO: checking EXE
454099 INFO: Building EXE because EXE-00.toc is non existent
454100 INFO: Building EXE from EXE-00.toc
454100 INFO: Copying bootloader EXE to E:\time now\continuity-studio\continuity-studio\build\ContinuityStudio\ContinuityStudio.exe
454219 INFO: Copying icon to EXE
454273 INFO: Copying 0 resources to EXE
454274 INFO: Embedding manifest in EXE
454333 INFO: Appending PKG archive to EXE
454527 INFO: Fixing EXE headers
455212 INFO: Building EXE from EXE-00.toc completed successfully.
455294 INFO: checking COLLECT
455294 INFO: Building COLLECT because COLLECT-00.toc is non existent
455294 INFO: Building COLLECT COLLECT-00.toc
468267 INFO: Building COLLECT COLLECT-00.toc completed successfully.
468474 INFO: Build complete! The results are available in: E:\time now\continuity-studio\continuity-studio\dist
